MATLAB is selecting SOFTWARE OPENGL rendering.

                            < M A T L A B (R) >
                  Copyright 1984-2021 The MathWorks, Inc.
                  R2021b (9.11.0.1769968) 64-bit (glnxa64)
                             September 17, 2021

 
To get started, type doc.
For product information, visit www.mathworks.com.
 
>> >> >> >> >> >> >> >> >> >> >> >> 
c =

     0

>> >> >> >> Elapsed time is 2411.002507 seconds.
>> >> 
c =

     1

>> >> >> >> Elapsed time is 4807.924593 seconds.
>> >> 
c =

    10

>> >> >> >> Elapsed time is 7478.616623 seconds.
>> >> 
c =

   100

>> >> >> >> Elapsed time is 10123.468753 seconds.
>> >> 
c =

   1.0000e+12

>> >> >> >> Elapsed time is 12522.358845 seconds.
>> >> {Error using exit
Unrecognized function or variable 'Settings'.
} 
{Error using exit
Unrecognized function or variable 'Settings'.
} 
