MATLAB is selecting SOFTWARE OPENGL rendering.

                            < M A T L A B (R) >
                  Copyright 1984-2021 The MathWorks, Inc.
                  R2021b (9.11.0.1769968) 64-bit (glnxa64)
                             September 17, 2021

 
To get started, type doc.
For product information, visit www.mathworks.com.
 
>> >> >> >> >> >> >> >> Elapsed time is 0.015170 seconds.
>> >> >> >> >> >> >> >> >> >> >> >> >> >> >> >> >> >> >> >> >> >> >> >> >> 
indent =

    0.0157

>> >> Elapsed time is 0.389922 seconds.
>> >> >> >> >> >> >> >> >> >> >> >> >> >> >> >> >> >> >> >> >> >> 297667 successful steps
0 failed attempts
893003 function evaluations
>> >> 
end_time1 =

   8.2073e+03

>> >> >> 
inte =

    0.0157

>> >> >> >> 
end_time3 =

   8.2093e+03

>> >> >> >> {Error using exit
Unrecognized function or variable 'Settings'.
} 
{Error using exit
Unrecognized function or variable 'Settings'.
} 
