MATLAB is selecting SOFTWARE OPENGL rendering.

                            < M A T L A B (R) >
                  Copyright 1984-2021 The MathWorks, Inc.
                  R2021b (9.11.0.1769968) 64-bit (glnxa64)
                             September 17, 2021

 
To get started, type doc.
For product information, visit www.mathworks.com.
 
>> >> >> >> >> >> >> >> Elapsed time is 29.108536 seconds.
>> >> >> >> >> >> >> >> >> >> >> >> >> >> >> >> >> >> >> >> >> >> >> >> >> 
indent =

    0.0157

>> >> Elapsed time is 29.316660 seconds.
>> >> >> >> >> >> >> >> >> >> >> >> >> >> >> >> >> >> >> >> >> >> 297052 successful steps
0 failed attempts
891158 function evaluations
>> >> 
end_time1 =

   7.0738e+03

>> >> >> 
inte =

    0.0157

>> >> >> >> 
end_time3 =

   7.0752e+03

>> >> >> >> {Error using exit
Unrecognized function or variable 'Settings'.
} 
{Error using exit
Unrecognized function or variable 'Settings'.
} 
