MATLAB is selecting SOFTWARE OPENGL rendering.

                            < M A T L A B (R) >
                  Copyright 1984-2021 The MathWorks, Inc.
                  R2021b (9.11.0.1769968) 64-bit (glnxa64)
                             September 17, 2021

 
To get started, type doc.
For product information, visit www.mathworks.com.
 
>> >> >> >> >> >> >> >> Elapsed time is 0.014249 seconds.
>> >> >> >> >> >> >> >> >> >> >> >> >> >> >> >> >> >> >> >> >> >> >> >> >> 
indent =

    0.0157

>> >> Elapsed time is 0.573422 seconds.
>> >> >> >> >> >> >> >> >> >> >> >> >> >> >> >> >> >> >> >> >> >> 303063 successful steps
15 failed attempts
909236 function evaluations
>> >> 
end_time1 =

   9.4250e+03

>> >> >> 
inte =

    0.0157

>> >> >> >> 
end_time3 =

   9.4263e+03

>> >> >> >> {Error using exit
Unrecognized function or variable 'Settings'.
} 
{Error using exit
Unrecognized function or variable 'Settings'.
} 
