MATLAB is selecting SOFTWARE OPENGL rendering.

                            < M A T L A B (R) >
                  Copyright 1984-2021 The MathWorks, Inc.
                  R2021b (9.11.0.1769968) 64-bit (glnxa64)
                             September 17, 2021

 
To get started, type doc.
For product information, visit www.mathworks.com.
 
>> >> >> >> >> >> >> >> >> >> 
end_time =

   1.5302e+04

>> >> >> >> 
c =

     0

>> >> >> >> Elapsed time is 17341.950016 seconds.
>> >> 
c =

     1

>> >> >> >> Elapsed time is 19814.853043 seconds.
>> >> 
c =

    10

>> >> >> >> Elapsed time is 22273.990653 seconds.
>> >> 
c =

   100

>> >> >> >> Elapsed time is 24726.561975 seconds.
>> >> 
c =

   1.0000e+12

>> >> >> >> Elapsed time is 27132.650895 seconds.
>> {Error using exit
Unrecognized function or variable 'Settings'.
} 
{Error using exit
Unrecognized function or variable 'Settings'.
} 
